Determining if the pthread_create exist failed with the following output:
Change Dir: /home/insys/Desktop/ROSintegrationPlatooning/carving/CISTER_image_processing/build/CMakeFiles/CMakeTmp

Run Build Command:"/usr/bin/make" "cmTC_ae95b/fast"
/usr/bin/make -f CMakeFiles/cmTC_ae95b.dir/build.make CMakeFiles/cmTC_ae95b.dir/build
make[1]: Entering directory '/home/insys/Desktop/ROSintegrationPlatooning/carving/CISTER_image_processing/build/CMakeFiles/CMakeTmp'
Building C object CMakeFiles/cmTC_ae95b.dir/CheckSymbolExists.c.o
/usr/bin/cc     -o CMakeFiles/cmTC_ae95b.dir/CheckSymbolExists.c.o   -c /home/insys/Desktop/ROSintegrationPlatooning/carving/CISTER_image_processing/build/CMakeFiles/CMakeTmp/CheckSymbolExists.c
Linking C executable cmTC_ae95b
/usr/bin/cmake -E cmake_link_script CMakeFiles/cmTC_ae95b.dir/link.txt --verbose=1
/usr/bin/cc       CMakeFiles/cmTC_ae95b.dir/CheckSymbolExists.c.o  -o cmTC_ae95b -rdynamic 
CMakeFiles/cmTC_ae95b.dir/CheckSymbolExists.c.o: na função `main':
CheckSymbolExists.c:(.text+0x16): referência indefinida a `pthread_create'
collect2: error: ld returned 1 exit status
CMakeFiles/cmTC_ae95b.dir/build.make:97: recipe for target 'cmTC_ae95b' failed
make[1]: *** [cmTC_ae95b] Error 1
make[1]: Leaving directory '/home/insys/Desktop/ROSintegrationPlatooning/carving/CISTER_image_processing/build/CMakeFiles/CMakeTmp'
Makefile:126: recipe for target 'cmTC_ae95b/fast' failed
make: *** [cmTC_ae95b/fast] Error 2

File /home/insys/Desktop/ROSintegrationPlatooning/carving/CISTER_image_processing/build/CMakeFiles/CMakeTmp/CheckSymbolExists.c:
/* */
#include <pthread.h>

int main(int argc, char** argv)
{
  (void)argv;
#ifndef pthread_create
  return ((int*)(&pthread_create))[argc];
#else
  (void)argc;
  return 0;
#endif
}

Determining if the function pthread_create exists in the pthreads failed with the following output:
Change Dir: /home/insys/Desktop/ROSintegrationPlatooning/carving/CISTER_image_processing/build/CMakeFiles/CMakeTmp

Run Build Command:"/usr/bin/make" "cmTC_51b73/fast"
/usr/bin/make -f CMakeFiles/cmTC_51b73.dir/build.make CMakeFiles/cmTC_51b73.dir/build
make[1]: Entering directory '/home/insys/Desktop/ROSintegrationPlatooning/carving/CISTER_image_processing/build/CMakeFiles/CMakeTmp'
Building C object CMakeFiles/cmTC_51b73.dir/CheckFunctionExists.c.o
/usr/bin/cc    -DCHECK_FUNCTION_EXISTS=pthread_create   -o CMakeFiles/cmTC_51b73.dir/CheckFunctionExists.c.o   -c /usr/share/cmake-3.5/Modules/CheckFunctionExists.c
Linking C executable cmTC_51b73
/usr/bin/cmake -E cmake_link_script CMakeFiles/cmTC_51b73.dir/link.txt --verbose=1
/usr/bin/cc   -DCHECK_FUNCTION_EXISTS=pthread_create    CMakeFiles/cmTC_51b73.dir/CheckFunctionExists.c.o  -o cmTC_51b73 -rdynamic -lpthreads 
/usr/bin/ld: não foi possível encontrar -lpthreads
collect2: error: ld returned 1 exit status
CMakeFiles/cmTC_51b73.dir/build.make:97: recipe for target 'cmTC_51b73' failed
make[1]: *** [cmTC_51b73] Error 1
make[1]: Leaving directory '/home/insys/Desktop/ROSintegrationPlatooning/carving/CISTER_image_processing/build/CMakeFiles/CMakeTmp'
Makefile:126: recipe for target 'cmTC_51b73/fast' failed
make: *** [cmTC_51b73/fast] Error 2


Determining if the pthread_create exist failed with the following output:
Change Dir: /home/guedes/Desktop/ROSintegrationPlatooning/carving/CISTER_image_processing/build/CMakeFiles/CMakeTmp

Run Build Command:"/usr/bin/make" "cmTC_79e7c/fast"
/usr/bin/make -f CMakeFiles/cmTC_79e7c.dir/build.make CMakeFiles/cmTC_79e7c.dir/build
make[1]: Entering directory '/home/guedes/Desktop/ROSintegrationPlatooning/carving/CISTER_image_processing/build/CMakeFiles/CMakeTmp'
Building C object CMakeFiles/cmTC_79e7c.dir/CheckSymbolExists.c.o
/usr/bin/cc     -o CMakeFiles/cmTC_79e7c.dir/CheckSymbolExists.c.o   -c /home/guedes/Desktop/ROSintegrationPlatooning/carving/CISTER_image_processing/build/CMakeFiles/CMakeTmp/CheckSymbolExists.c
Linking C executable cmTC_79e7c
/usr/bin/cmake -E cmake_link_script CMakeFiles/cmTC_79e7c.dir/link.txt --verbose=1
/usr/bin/cc       CMakeFiles/cmTC_79e7c.dir/CheckSymbolExists.c.o  -o cmTC_79e7c -rdynamic 
CMakeFiles/cmTC_79e7c.dir/CheckSymbolExists.c.o: In function `main':
CheckSymbolExists.c:(.text+0x16): undefined reference to `pthread_create'
collect2: error: ld returned 1 exit status
CMakeFiles/cmTC_79e7c.dir/build.make:97: recipe for target 'cmTC_79e7c' failed
make[1]: *** [cmTC_79e7c] Error 1
make[1]: Leaving directory '/home/guedes/Desktop/ROSintegrationPlatooning/carving/CISTER_image_processing/build/CMakeFiles/CMakeTmp'
Makefile:126: recipe for target 'cmTC_79e7c/fast' failed
make: *** [cmTC_79e7c/fast] Error 2

File /home/guedes/Desktop/ROSintegrationPlatooning/carving/CISTER_image_processing/build/CMakeFiles/CMakeTmp/CheckSymbolExists.c:
/* */
#include <pthread.h>

int main(int argc, char** argv)
{
  (void)argv;
#ifndef pthread_create
  return ((int*)(&pthread_create))[argc];
#else
  (void)argc;
  return 0;
#endif
}

Determining if the function pthread_create exists in the pthreads failed with the following output:
Change Dir: /home/guedes/Desktop/ROSintegrationPlatooning/carving/CISTER_image_processing/build/CMakeFiles/CMakeTmp

Run Build Command:"/usr/bin/make" "cmTC_b2b07/fast"
/usr/bin/make -f CMakeFiles/cmTC_b2b07.dir/build.make CMakeFiles/cmTC_b2b07.dir/build
make[1]: Entering directory '/home/guedes/Desktop/ROSintegrationPlatooning/carving/CISTER_image_processing/build/CMakeFiles/CMakeTmp'
Building C object CMakeFiles/cmTC_b2b07.dir/CheckFunctionExists.c.o
/usr/bin/cc    -DCHECK_FUNCTION_EXISTS=pthread_create   -o CMakeFiles/cmTC_b2b07.dir/CheckFunctionExists.c.o   -c /usr/share/cmake-3.5/Modules/CheckFunctionExists.c
Linking C executable cmTC_b2b07
/usr/bin/cmake -E cmake_link_script CMakeFiles/cmTC_b2b07.dir/link.txt --verbose=1
/usr/bin/cc   -DCHECK_FUNCTION_EXISTS=pthread_create    CMakeFiles/cmTC_b2b07.dir/CheckFunctionExists.c.o  -o cmTC_b2b07 -rdynamic -lpthreads 
/usr/bin/ld: cannot find -lpthreads
collect2: error: ld returned 1 exit status
CMakeFiles/cmTC_b2b07.dir/build.make:97: recipe for target 'cmTC_b2b07' failed
make[1]: *** [cmTC_b2b07] Error 1
make[1]: Leaving directory '/home/guedes/Desktop/ROSintegrationPlatooning/carving/CISTER_image_processing/build/CMakeFiles/CMakeTmp'
Makefile:126: recipe for target 'cmTC_b2b07/fast' failed
make: *** [cmTC_b2b07/fast] Error 2


Determining if the pthread_create exist failed with the following output:
Change Dir: /home/enio/Desktop/ROSintegrationPlatooning/carving/CISTER_image_processing/build/CMakeFiles/CMakeTmp

Run Build Command:"/usr/bin/make" "cmTC_13ab6/fast"
/usr/bin/make -f CMakeFiles/cmTC_13ab6.dir/build.make CMakeFiles/cmTC_13ab6.dir/build
make[1]: Entering directory '/home/enio/Desktop/ROSintegrationPlatooning/carving/CISTER_image_processing/build/CMakeFiles/CMakeTmp'
Building C object CMakeFiles/cmTC_13ab6.dir/CheckSymbolExists.c.o
/usr/bin/cc     -o CMakeFiles/cmTC_13ab6.dir/CheckSymbolExists.c.o   -c /home/enio/Desktop/ROSintegrationPlatooning/carving/CISTER_image_processing/build/CMakeFiles/CMakeTmp/CheckSymbolExists.c
Linking C executable cmTC_13ab6
/usr/bin/cmake -E cmake_link_script CMakeFiles/cmTC_13ab6.dir/link.txt --verbose=1
/usr/bin/cc       CMakeFiles/cmTC_13ab6.dir/CheckSymbolExists.c.o  -o cmTC_13ab6 -rdynamic 
CMakeFiles/cmTC_13ab6.dir/CheckSymbolExists.c.o: In function `main':
CheckSymbolExists.c:(.text+0x16): undefined reference to `pthread_create'
collect2: error: ld returned 1 exit status
CMakeFiles/cmTC_13ab6.dir/build.make:97: recipe for target 'cmTC_13ab6' failed
make[1]: *** [cmTC_13ab6] Error 1
make[1]: Leaving directory '/home/enio/Desktop/ROSintegrationPlatooning/carving/CISTER_image_processing/build/CMakeFiles/CMakeTmp'
Makefile:126: recipe for target 'cmTC_13ab6/fast' failed
make: *** [cmTC_13ab6/fast] Error 2

File /home/enio/Desktop/ROSintegrationPlatooning/carving/CISTER_image_processing/build/CMakeFiles/CMakeTmp/CheckSymbolExists.c:
/* */
#include <pthread.h>

int main(int argc, char** argv)
{
  (void)argv;
#ifndef pthread_create
  return ((int*)(&pthread_create))[argc];
#else
  (void)argc;
  return 0;
#endif
}

Determining if the function pthread_create exists in the pthreads failed with the following output:
Change Dir: /home/enio/Desktop/ROSintegrationPlatooning/carving/CISTER_image_processing/build/CMakeFiles/CMakeTmp

Run Build Command:"/usr/bin/make" "cmTC_e086f/fast"
/usr/bin/make -f CMakeFiles/cmTC_e086f.dir/build.make CMakeFiles/cmTC_e086f.dir/build
make[1]: Entering directory '/home/enio/Desktop/ROSintegrationPlatooning/carving/CISTER_image_processing/build/CMakeFiles/CMakeTmp'
Building C object CMakeFiles/cmTC_e086f.dir/CheckFunctionExists.c.o
/usr/bin/cc    -DCHECK_FUNCTION_EXISTS=pthread_create   -o CMakeFiles/cmTC_e086f.dir/CheckFunctionExists.c.o   -c /usr/share/cmake-3.5/Modules/CheckFunctionExists.c
Linking C executable cmTC_e086f
/usr/bin/cmake -E cmake_link_script CMakeFiles/cmTC_e086f.dir/link.txt --verbose=1
/usr/bin/cc   -DCHECK_FUNCTION_EXISTS=pthread_create    CMakeFiles/cmTC_e086f.dir/CheckFunctionExists.c.o  -o cmTC_e086f -rdynamic -lpthreads 
/usr/bin/ld: cannot find -lpthreads
collect2: error: ld returned 1 exit status
CMakeFiles/cmTC_e086f.dir/build.make:97: recipe for target 'cmTC_e086f' failed
make[1]: *** [cmTC_e086f] Error 1
make[1]: Leaving directory '/home/enio/Desktop/ROSintegrationPlatooning/carving/CISTER_image_processing/build/CMakeFiles/CMakeTmp'
Makefile:126: recipe for target 'cmTC_e086f/fast' failed
make: *** [cmTC_e086f/fast] Error 2


Determining if the pthread_create exist failed with the following output:
Change Dir: /home/enio/Desktop/ROSintegrationPlatooning/carving/CISTER_image_processing/build/CMakeFiles/CMakeTmp

Run Build Command:"/usr/bin/make" "cmTC_6c127/fast"
/usr/bin/make -f CMakeFiles/cmTC_6c127.dir/build.make CMakeFiles/cmTC_6c127.dir/build
make[1]: Entering directory '/home/enio/Desktop/ROSintegrationPlatooning/carving/CISTER_image_processing/build/CMakeFiles/CMakeTmp'
Building C object CMakeFiles/cmTC_6c127.dir/CheckSymbolExists.c.o
/usr/bin/cc     -o CMakeFiles/cmTC_6c127.dir/CheckSymbolExists.c.o   -c /home/enio/Desktop/ROSintegrationPlatooning/carving/CISTER_image_processing/build/CMakeFiles/CMakeTmp/CheckSymbolExists.c
Linking C executable cmTC_6c127
/usr/bin/cmake -E cmake_link_script CMakeFiles/cmTC_6c127.dir/link.txt --verbose=1
/usr/bin/cc       CMakeFiles/cmTC_6c127.dir/CheckSymbolExists.c.o  -o cmTC_6c127 -rdynamic 
CMakeFiles/cmTC_6c127.dir/CheckSymbolExists.c.o: In function `main':
CheckSymbolExists.c:(.text+0x16): undefined reference to `pthread_create'
collect2: error: ld returned 1 exit status
CMakeFiles/cmTC_6c127.dir/build.make:97: recipe for target 'cmTC_6c127' failed
make[1]: *** [cmTC_6c127] Error 1
make[1]: Leaving directory '/home/enio/Desktop/ROSintegrationPlatooning/carving/CISTER_image_processing/build/CMakeFiles/CMakeTmp'
Makefile:126: recipe for target 'cmTC_6c127/fast' failed
make: *** [cmTC_6c127/fast] Error 2

File /home/enio/Desktop/ROSintegrationPlatooning/carving/CISTER_image_processing/build/CMakeFiles/CMakeTmp/CheckSymbolExists.c:
/* */
#include <pthread.h>

int main(int argc, char** argv)
{
  (void)argv;
#ifndef pthread_create
  return ((int*)(&pthread_create))[argc];
#else
  (void)argc;
  return 0;
#endif
}

Determining if the function pthread_create exists in the pthreads failed with the following output:
Change Dir: /home/enio/Desktop/ROSintegrationPlatooning/carving/CISTER_image_processing/build/CMakeFiles/CMakeTmp

Run Build Command:"/usr/bin/make" "cmTC_268d5/fast"
/usr/bin/make -f CMakeFiles/cmTC_268d5.dir/build.make CMakeFiles/cmTC_268d5.dir/build
make[1]: Entering directory '/home/enio/Desktop/ROSintegrationPlatooning/carving/CISTER_image_processing/build/CMakeFiles/CMakeTmp'
Building C object CMakeFiles/cmTC_268d5.dir/CheckFunctionExists.c.o
/usr/bin/cc    -DCHECK_FUNCTION_EXISTS=pthread_create   -o CMakeFiles/cmTC_268d5.dir/CheckFunctionExists.c.o   -c /usr/share/cmake-3.5/Modules/CheckFunctionExists.c
Linking C executable cmTC_268d5
/usr/bin/cmake -E cmake_link_script CMakeFiles/cmTC_268d5.dir/link.txt --verbose=1
/usr/bin/cc   -DCHECK_FUNCTION_EXISTS=pthread_create    CMakeFiles/cmTC_268d5.dir/CheckFunctionExists.c.o  -o cmTC_268d5 -rdynamic -lpthreads 
/usr/bin/ld: cannot find -lpthreads
collect2: error: ld returned 1 exit status
CMakeFiles/cmTC_268d5.dir/build.make:97: recipe for target 'cmTC_268d5' failed
make[1]: *** [cmTC_268d5] Error 1
make[1]: Leaving directory '/home/enio/Desktop/ROSintegrationPlatooning/carving/CISTER_image_processing/build/CMakeFiles/CMakeTmp'
Makefile:126: recipe for target 'cmTC_268d5/fast' failed
make: *** [cmTC_268d5/fast] Error 2


Determining if the pthread_create exist failed with the following output:
Change Dir: /home/enio/OneDrive/Cister/ROS/Inline/CISTER_image_processing/build/CMakeFiles/CMakeTmp

Run Build Command:"/usr/bin/make" "cmTC_c40b3/fast"
/usr/bin/make -f CMakeFiles/cmTC_c40b3.dir/build.make CMakeFiles/cmTC_c40b3.dir/build
make[1]: Entering directory '/home/enio/OneDrive/Cister/ROS/Inline/CISTER_image_processing/build/CMakeFiles/CMakeTmp'
Building C object CMakeFiles/cmTC_c40b3.dir/CheckSymbolExists.c.o
/usr/bin/cc    -o CMakeFiles/cmTC_c40b3.dir/CheckSymbolExists.c.o   -c /home/enio/OneDrive/Cister/ROS/Inline/CISTER_image_processing/build/CMakeFiles/CMakeTmp/CheckSymbolExists.c
Linking C executable cmTC_c40b3
/usr/bin/cmake -E cmake_link_script CMakeFiles/cmTC_c40b3.dir/link.txt --verbose=1
/usr/bin/cc      -rdynamic CMakeFiles/cmTC_c40b3.dir/CheckSymbolExists.c.o  -o cmTC_c40b3 
CMakeFiles/cmTC_c40b3.dir/CheckSymbolExists.c.o: Na função "main":
CheckSymbolExists.c:(.text+0x1b): referência não definida para "pthread_create"
collect2: error: ld returned 1 exit status
CMakeFiles/cmTC_c40b3.dir/build.make:97: recipe for target 'cmTC_c40b3' failed
make[1]: *** [cmTC_c40b3] Error 1
make[1]: Leaving directory '/home/enio/OneDrive/Cister/ROS/Inline/CISTER_image_processing/build/CMakeFiles/CMakeTmp'
Makefile:126: recipe for target 'cmTC_c40b3/fast' failed
make: *** [cmTC_c40b3/fast] Error 2

File /home/enio/OneDrive/Cister/ROS/Inline/CISTER_image_processing/build/CMakeFiles/CMakeTmp/CheckSymbolExists.c:
/* */
#include <pthread.h>

int main(int argc, char** argv)
{
  (void)argv;
#ifndef pthread_create
  return ((int*)(&pthread_create))[argc];
#else
  (void)argc;
  return 0;
#endif
}

Determining if the function pthread_create exists in the pthreads failed with the following output:
Change Dir: /home/enio/OneDrive/Cister/ROS/Inline/CISTER_image_processing/build/CMakeFiles/CMakeTmp

Run Build Command:"/usr/bin/make" "cmTC_bc086/fast"
/usr/bin/make -f CMakeFiles/cmTC_bc086.dir/build.make CMakeFiles/cmTC_bc086.dir/build
make[1]: Entering directory '/home/enio/OneDrive/Cister/ROS/Inline/CISTER_image_processing/build/CMakeFiles/CMakeTmp'
Building C object CMakeFiles/cmTC_bc086.dir/CheckFunctionExists.c.o
/usr/bin/cc   -DCHECK_FUNCTION_EXISTS=pthread_create   -o CMakeFiles/cmTC_bc086.dir/CheckFunctionExists.c.o   -c /usr/share/cmake-3.10/Modules/CheckFunctionExists.c
Linking C executable cmTC_bc086
/usr/bin/cmake -E cmake_link_script CMakeFiles/cmTC_bc086.dir/link.txt --verbose=1
/usr/bin/cc  -DCHECK_FUNCTION_EXISTS=pthread_create    -rdynamic CMakeFiles/cmTC_bc086.dir/CheckFunctionExists.c.o  -o cmTC_bc086 -lpthreads 
/usr/bin/ld: não foi possível localizar -lpthreads
collect2: error: ld returned 1 exit status
CMakeFiles/cmTC_bc086.dir/build.make:97: recipe for target 'cmTC_bc086' failed
make[1]: *** [cmTC_bc086] Error 1
make[1]: Leaving directory '/home/enio/OneDrive/Cister/ROS/Inline/CISTER_image_processing/build/CMakeFiles/CMakeTmp'
Makefile:126: recipe for target 'cmTC_bc086/fast' failed
make: *** [cmTC_bc086/fast] Error 2


